<?xml version="1.0" encoding="UTF-8"?>
<testsuite xmlns:xsi="http://www.w3.org/2001/XMLSchema-instance" xsi:noNamespaceSchemaLocation="https://maven.apache.org/surefire/maven-surefire-plugin/xsd/surefire-test-report-3.0.xsd" version="3.0" name="testRunner.TestRun" time="0.779" tests="1" errors="0" skipped="0" failures="1">
  <properties>
    <property name="java.specification.version" value="21"/>
    <property name="sun.jnu.encoding" value="UTF-8"/>
    <property name="java.class.path" value="/Users/deetshana/eclipse-workspace/DS-Algo/target/test-classes:/Users/deetshana/eclipse-workspace/DS-Algo/target/classes:/Users/deetshana/.m2/repository/org/seleniumhq/selenium/selenium-java/4.15.0/selenium-java-4.15.0.jar:/Users/deetshana/.m2/repository/org/seleniumhq/selenium/selenium-api/4.15.0/selenium-api-4.15.0.jar:/Users/deetshana/.m2/repository/org/seleniumhq/selenium/selenium-chrome-driver/4.15.0/selenium-chrome-driver-4.15.0.jar:/Users/deetshana/.m2/repository/com/google/auto/service/auto-service-annotations/1.1.1/auto-service-annotations-1.1.1.jar:/Users/deetshana/.m2/repository/org/seleniumhq/selenium/selenium-chromium-driver/4.15.0/selenium-chromium-driver-4.15.0.jar:/Users/deetshana/.m2/repository/org/seleniumhq/selenium/selenium-json/4.15.0/selenium-json-4.15.0.jar:/Users/deetshana/.m2/repository/org/seleniumhq/selenium/selenium-manager/4.15.0/selenium-manager-4.15.0.jar:/Users/deetshana/.m2/repository/org/seleniumhq/selenium/selenium-devtools-v117/4.15.0/selenium-devtools-v117-4.15.0.jar:/Users/deetshana/.m2/repository/org/seleniumhq/selenium/selenium-devtools-v118/4.15.0/selenium-devtools-v118-4.15.0.jar:/Users/deetshana/.m2/repository/org/seleniumhq/selenium/selenium-devtools-v119/4.15.0/selenium-devtools-v119-4.15.0.jar:/Users/deetshana/.m2/repository/org/seleniumhq/selenium/selenium-devtools-v85/4.15.0/selenium-devtools-v85-4.15.0.jar:/Users/deetshana/.m2/repository/org/seleniumhq/selenium/selenium-edge-driver/4.15.0/selenium-edge-driver-4.15.0.jar:/Users/deetshana/.m2/repository/org/seleniumhq/selenium/selenium-firefox-driver/4.15.0/selenium-firefox-driver-4.15.0.jar:/Users/deetshana/.m2/repository/org/seleniumhq/selenium/selenium-http/4.15.0/selenium-http-4.15.0.jar:/Users/deetshana/.m2/repository/dev/failsafe/failsafe/3.3.2/failsafe-3.3.2.jar:/Users/deetshana/.m2/repository/org/seleniumhq/selenium/selenium-ie-driver/4.15.0/selenium-ie-driver-4.15.0.jar:/Users/deetshana/.m2/repository/org/seleniumhq/selenium/selenium-remote-driver/4.15.0/selenium-remote-driver-4.15.0.jar:/Users/deetshana/.m2/repository/com/google/guava/guava/32.1.2-jre/guava-32.1.2-jre.jar:/Users/deetshana/.m2/repository/com/google/guava/failureaccess/1.0.1/failureaccess-1.0.1.jar:/Users/deetshana/.m2/repository/com/google/guava/listenablefuture/9999.0-empty-to-avoid-conflict-with-guava/listenablefuture-9999.0-empty-to-avoid-conflict-with-guava.jar:/Users/deetshana/.m2/repository/com/google/code/findbugs/jsr305/3.0.2/jsr305-3.0.2.jar:/Users/deetshana/.m2/repository/org/checkerframework/checker-qual/3.33.0/checker-qual-3.33.0.jar:/Users/deetshana/.m2/repository/com/google/errorprone/error_prone_annotations/2.18.0/error_prone_annotations-2.18.0.jar:/Users/deetshana/.m2/repository/com/google/j2objc/j2objc-annotations/2.8/j2objc-annotations-2.8.jar:/Users/deetshana/.m2/repository/io/opentelemetry/opentelemetry-api/1.28.0/opentelemetry-api-1.28.0.jar:/Users/deetshana/.m2/repository/io/opentelemetry/opentelemetry-context/1.28.0/opentelemetry-context-1.28.0.jar:/Users/deetshana/.m2/repository/io/opentelemetry/opentelemetry-exporter-logging/1.28.0/opentelemetry-exporter-logging-1.28.0.jar:/Users/deetshana/.m2/repository/io/opentelemetry/opentelemetry-sdk-metrics/1.28.0/opentelemetry-sdk-metrics-1.28.0.jar:/Users/deetshana/.m2/repository/io/opentelemetry/opentelemetry-extension-incubator/1.28.0-alpha/opentelemetry-extension-incubator-1.28.0-alpha.jar:/Users/deetshana/.m2/repository/io/opentelemetry/opentelemetry-sdk-logs/1.28.0/opentelemetry-sdk-logs-1.28.0.jar:/Users/deetshana/.m2/repository/io/opentelemetry/opentelemetry-sdk-common/1.28.0/opentelemetry-sdk-common-1.28.0.jar:/Users/deetshana/.m2/repository/io/opentelemetry/opentelemetry-sdk-extension-autoconfigure-spi/1.28.0/opentelemetry-sdk-extension-autoconfigure-spi-1.28.0.jar:/Users/deetshana/.m2/repository/io/opentelemetry/opentelemetry-sdk-extension-autoconfigure/1.28.0/opentelemetry-sdk-extension-autoconfigure-1.28.0.jar:/Users/deetshana/.m2/repository/io/opentelemetry/opentelemetry-api-events/1.28.0-alpha/opentelemetry-api-events-1.28.0-alpha.jar:/Users/deetshana/.m2/repository/io/opentelemetry/opentelemetry-sdk-trace/1.28.0/opentelemetry-sdk-trace-1.28.0.jar:/Users/deetshana/.m2/repository/io/opentelemetry/opentelemetry-sdk/1.28.0/opentelemetry-sdk-1.28.0.jar:/Users/deetshana/.m2/repository/io/opentelemetry/opentelemetry-semconv/1.28.0-alpha/opentelemetry-semconv-1.28.0-alpha.jar:/Users/deetshana/.m2/repository/net/bytebuddy/byte-buddy/1.14.5/byte-buddy-1.14.5.jar:/Users/deetshana/.m2/repository/org/seleniumhq/selenium/selenium-os/4.15.0/selenium-os-4.15.0.jar:/Users/deetshana/.m2/repository/org/apache/commons/commons-exec/1.3/commons-exec-1.3.jar:/Users/deetshana/.m2/repository/org/seleniumhq/selenium/selenium-safari-driver/4.15.0/selenium-safari-driver-4.15.0.jar:/Users/deetshana/.m2/repository/org/seleniumhq/selenium/selenium-support/4.15.0/selenium-support-4.15.0.jar:/Users/deetshana/.m2/repository/io/cucumber/cucumber-java/7.14.1/cucumber-java-7.14.1.jar:/Users/deetshana/.m2/repository/io/cucumber/cucumber-core/7.14.1/cucumber-core-7.14.1.jar:/Users/deetshana/.m2/repository/io/cucumber/cucumber-gherkin/7.14.1/cucumber-gherkin-7.14.1.jar:/Users/deetshana/.m2/repository/io/cucumber/cucumber-gherkin-messages/7.14.1/cucumber-gherkin-messages-7.14.1.jar:/Users/deetshana/.m2/repository/io/cucumber/messages/22.0.0/messages-22.0.0.jar:/Users/deetshana/.m2/repository/io/cucumber/tag-expressions/6.0.0/tag-expressions-6.0.0.jar:/Users/deetshana/.m2/repository/io/cucumber/cucumber-expressions/17.0.1/cucumber-expressions-17.0.1.jar:/Users/deetshana/.m2/repository/io/cucumber/datatable/7.14.1/datatable-7.14.1.jar:/Users/deetshana/.m2/repository/io/cucumber/cucumber-plugin/7.14.1/cucumber-plugin-7.14.1.jar:/Users/deetshana/.m2/repository/io/cucumber/docstring/7.14.1/docstring-7.14.1.jar:/Users/deetshana/.m2/repository/io/cucumber/html-formatter/20.4.0/html-formatter-20.4.0.jar:/Users/deetshana/.m2/repository/io/cucumber/junit-xml-formatter/0.2.0/junit-xml-formatter-0.2.0.jar:/Users/deetshana/.m2/repository/io/cucumber/ci-environment/10.0.0/ci-environment-10.0.0.jar:/Users/deetshana/.m2/repository/org/apiguardian/apiguardian-api/1.1.2/apiguardian-api-1.1.2.jar:/Users/deetshana/.m2/repository/io/cucumber/cucumber-testng/7.14.1/cucumber-testng-7.14.1.jar:/Users/deetshana/.m2/repository/org/testng/testng/7.8.0/testng-7.8.0.jar:/Users/deetshana/.m2/repository/com/beust/jcommander/1.82/jcommander-1.82.jar:/Users/deetshana/.m2/repository/org/webjars/jquery/3.6.1/jquery-3.6.1.jar:/Users/deetshana/.m2/repository/io/cucumber/cucumber-junit/7.14.1/cucumber-junit-7.14.1.jar:/Users/deetshana/.m2/repository/junit/junit/4.13.2/junit-4.13.2.jar:/Users/deetshana/.m2/repository/org/hamcrest/hamcrest-core/1.3/hamcrest-core-1.3.jar:/Users/deetshana/.m2/repository/io/qameta/allure/allure-testng/2.25.0/allure-testng-2.25.0.jar:/Users/deetshana/.m2/repository/io/qameta/allure/allure-java-commons/2.25.0/allure-java-commons-2.25.0.jar:/Users/deetshana/.m2/repository/io/qameta/allure/allure-model/2.25.0/allure-model-2.25.0.jar:/Users/deetshana/.m2/repository/io/qameta/allure/allure-test-filter/2.25.0/allure-test-filter-2.25.0.jar:/Users/deetshana/.m2/repository/io/qameta/allure/allure-cucumber7-jvm/2.25.0/allure-cucumber7-jvm-2.25.0.jar:/Users/deetshana/.m2/repository/io/cucumber/gherkin/26.2.0/gherkin-26.2.0.jar:/Users/deetshana/.m2/repository/org/apache/poi/poi/5.2.4/poi-5.2.4.jar:/Users/deetshana/.m2/repository/commons-codec/commons-codec/1.16.0/commons-codec-1.16.0.jar:/Users/deetshana/.m2/repository/org/apache/commons/commons-collections4/4.4/commons-collections4-4.4.jar:/Users/deetshana/.m2/repository/org/apache/commons/commons-math3/3.6.1/commons-math3-3.6.1.jar:/Users/deetshana/.m2/repository/commons-io/commons-io/2.13.0/commons-io-2.13.0.jar:/Users/deetshana/.m2/repository/com/zaxxer/SparseBitSet/1.3/SparseBitSet-1.3.jar:/Users/deetshana/.m2/repository/org/apache/poi/poi-ooxml/5.2.4/poi-ooxml-5.2.4.jar:/Users/deetshana/.m2/repository/org/apache/poi/poi-ooxml-lite/5.2.4/poi-ooxml-lite-5.2.4.jar:/Users/deetshana/.m2/repository/org/apache/xmlbeans/xmlbeans/5.1.1/xmlbeans-5.1.1.jar:/Users/deetshana/.m2/repository/org/apache/commons/commons-compress/1.24.0/commons-compress-1.24.0.jar:/Users/deetshana/.m2/repository/com/github/virtuald/curvesapi/1.08/curvesapi-1.08.jar:/Users/deetshana/.m2/repository/org/apache/commons/commons-lang3/3.14.0/commons-lang3-3.14.0.jar:/Users/deetshana/.m2/repository/org/apache/logging/log4j/log4j-core/2.22.0/log4j-core-2.22.0.jar:/Users/deetshana/.m2/repository/org/apache/logging/log4j/log4j-api/2.22.0/log4j-api-2.22.0.jar:/Users/deetshana/.m2/repository/com/fasterxml/jackson/core/jackson-core/2.16.1/jackson-core-2.16.1.jar:/Users/deetshana/.m2/repository/com/fasterxml/jackson/core/jackson-databind/2.16.1/jackson-databind-2.16.1.jar:/Users/deetshana/.m2/repository/com/fasterxml/jackson/core/jackson-annotations/2.16.1/jackson-annotations-2.16.1.jar:/Users/deetshana/.m2/repository/io/github/bonigarcia/webdrivermanager/5.6.3/webdrivermanager-5.6.3.jar:/Users/deetshana/.m2/repository/org/slf4j/slf4j-api/2.0.10/slf4j-api-2.0.10.jar:/Users/deetshana/.m2/repository/com/google/code/gson/gson/2.10.1/gson-2.10.1.jar:/Users/deetshana/.m2/repository/com/github/docker-java/docker-java/3.3.4/docker-java-3.3.4.jar:/Users/deetshana/.m2/repository/com/github/docker-java/docker-java-core/3.3.4/docker-java-core-3.3.4.jar:/Users/deetshana/.m2/repository/com/github/docker-java/docker-java-api/3.3.4/docker-java-api-3.3.4.jar:/Users/deetshana/.m2/repository/org/bouncycastle/bcpkix-jdk18on/1.76/bcpkix-jdk18on-1.76.jar:/Users/deetshana/.m2/repository/org/bouncycastle/bcprov-jdk18on/1.76/bcprov-jdk18on-1.76.jar:/Users/deetshana/.m2/repository/org/bouncycastle/bcutil-jdk18on/1.76/bcutil-jdk18on-1.76.jar:/Users/deetshana/.m2/repository/org/slf4j/jcl-over-slf4j/1.7.30/jcl-over-slf4j-1.7.30.jar:/Users/deetshana/.m2/repository/com/github/docker-java/docker-java-transport-httpclient5/3.3.4/docker-java-transport-httpclient5-3.3.4.jar:/Users/deetshana/.m2/repository/com/github/docker-java/docker-java-transport/3.3.4/docker-java-transport-3.3.4.jar:/Users/deetshana/.m2/repository/net/java/dev/jna/jna/5.13.0/jna-5.13.0.jar:/Users/deetshana/.m2/repository/org/brotli/dec/0.1.2/dec-0.1.2.jar:/Users/deetshana/.m2/repository/org/apache/httpcomponents/client5/httpclient5/5.2.1/httpclient5-5.2.1.jar:/Users/deetshana/.m2/repository/org/apache/httpcomponents/core5/httpcore5/5.2/httpcore5-5.2.jar:/Users/deetshana/.m2/repository/org/apache/httpcomponents/core5/httpcore5-h2/5.2/httpcore5-h2-5.2.jar:/Users/deetshana/.m2/repository/com/aventstack/extentreports/5.1.1/extentreports-5.1.1.jar:/Users/deetshana/.m2/repository/io/reactivex/rxjava3/rxjava/3.1.6/rxjava-3.1.6.jar:/Users/deetshana/.m2/repository/org/reactivestreams/reactive-streams/1.0.4/reactive-streams-1.0.4.jar:/Users/deetshana/.m2/repository/org/freemarker/freemarker/2.3.32/freemarker-2.3.32.jar:/Users/deetshana/.m2/repository/org/projectlombok/lombok/1.18.26/lombok-1.18.26.jar:/Users/deetshana/.m2/repository/tech/grasshopper/extentreports-cucumber7-adapter/1.2.0/extentreports-cucumber7-adapter-1.2.0.jar:/Users/deetshana/.m2/repository/tech/grasshopper/extent-pdf-report/1.7.4/extent-pdf-report-1.7.4.jar:/Users/deetshana/.m2/repository/tech/grasshopper/cucumber-pdf-report/2.2.4/cucumber-pdf-report-2.2.4.jar:/Users/deetshana/.m2/repository/org/apache/pdfbox/pdfbox/2.0.22/pdfbox-2.0.22.jar:/Users/deetshana/.m2/repository/org/apache/pdfbox/fontbox/2.0.22/fontbox-2.0.22.jar:/Users/deetshana/.m2/repository/org/knowm/xchart/xchart/3.8.0/xchart-3.8.0.jar:/Users/deetshana/.m2/repository/de/erichseifert/vectorgraphics2d/VectorGraphics2D/0.13/VectorGraphics2D-0.13.jar:/Users/deetshana/.m2/repository/de/rototor/pdfbox/graphics2d/0.30/graphics2d-0.30.jar:/Users/deetshana/.m2/repository/com/madgag/animated-gif-lib/1.4/animated-gif-lib-1.4.jar:/Users/deetshana/.m2/repository/org/yaml/snakeyaml/1.28/snakeyaml-1.28.jar:/Users/deetshana/.m2/repository/tech/grasshopper/table-layout/1.2.0/table-layout-1.2.0.jar:/Users/deetshana/.m2/repository/org/jsoup/jsoup/1.13.1/jsoup-1.13.1.jar:/Users/deetshana/.m2/repository/com/aventstack/klov-reporter/5.0.9/klov-reporter-5.0.9.jar:/Users/deetshana/.m2/repository/org/mongodb/mongodb-driver/3.6.4/mongodb-driver-3.6.4.jar:/Users/deetshana/.m2/repository/org/mongodb/mongodb-driver-core/3.6.4/mongodb-driver-core-3.6.4.jar:/Users/deetshana/.m2/repository/org/mongodb/bson/3.6.4/bson-3.6.4.jar:/Users/deetshana/.m2/repository/org/apache/httpcomponents/httpclient/4.5.13/httpclient-4.5.13.jar:/Users/deetshana/.m2/repository/org/apache/httpcomponents/httpcore/4.4.13/httpcore-4.4.13.jar:/Users/deetshana/.m2/repository/commons-logging/commons-logging/1.2/commons-logging-1.2.jar:/Users/deetshana/.m2/repository/org/apache/httpcomponents/httpmime/4.5.13/httpmime-4.5.13.jar:/Users/deetshana/.m2/repository/tech/grasshopper/htmlextentreporter/1.0.0/htmlextentreporter-1.0.0.jar:/Users/deetshana/.m2/repository/ch/qos/logback/logback-classic/1.4.14/logback-classic-1.4.14.jar:/Users/deetshana/.m2/repository/ch/qos/logback/logback-core/1.4.14/logback-core-1.4.14.jar:"/>
    <property name="java.vm.vendor" value="Oracle Corporation"/>
    <property name="sun.arch.data.model" value="64"/>
    <property name="java.vendor.url" value="https://java.oracle.com/"/>
    <property name="user.timezone" value="America/Los_Angeles"/>
    <property name="os.name" value="Mac OS X"/>
    <property name="java.vm.specification.version" value="21"/>
    <property name="sun.java.launcher" value="SUN_STANDARD"/>
    <property name="user.country" value="US"/>
    <property name="sun.boot.library.path" value="/Library/Java/JavaVirtualMachines/jdk-21.jdk/Contents/Home/lib"/>
    <property name="sun.java.command" value="/Users/deetshana/eclipse-workspace/DS-Algo/target/surefire/surefirebooter-20240111180743544_3.jar /Users/deetshana/eclipse-workspace/DS-Algo/target/surefire 2024-01-11T18-07-43_099-jvmRun1 surefire-20240111180743544_1tmp surefire_0-20240111180743544_2tmp"/>
    <property name="http.nonProxyHosts" value="local|*.local|169.254/16|*.169.254/16"/>
    <property name="jdk.debug" value="release"/>
    <property name="surefire.test.class.path" value="/Users/deetshana/eclipse-workspace/DS-Algo/target/test-classes:/Users/deetshana/eclipse-workspace/DS-Algo/target/classes:/Users/deetshana/.m2/repository/org/seleniumhq/selenium/selenium-java/4.15.0/selenium-java-4.15.0.jar:/Users/deetshana/.m2/repository/org/seleniumhq/selenium/selenium-api/4.15.0/selenium-api-4.15.0.jar:/Users/deetshana/.m2/repository/org/seleniumhq/selenium/selenium-chrome-driver/4.15.0/selenium-chrome-driver-4.15.0.jar:/Users/deetshana/.m2/repository/com/google/auto/service/auto-service-annotations/1.1.1/auto-service-annotations-1.1.1.jar:/Users/deetshana/.m2/repository/org/seleniumhq/selenium/selenium-chromium-driver/4.15.0/selenium-chromium-driver-4.15.0.jar:/Users/deetshana/.m2/repository/org/seleniumhq/selenium/selenium-json/4.15.0/selenium-json-4.15.0.jar:/Users/deetshana/.m2/repository/org/seleniumhq/selenium/selenium-manager/4.15.0/selenium-manager-4.15.0.jar:/Users/deetshana/.m2/repository/org/seleniumhq/selenium/selenium-devtools-v117/4.15.0/selenium-devtools-v117-4.15.0.jar:/Users/deetshana/.m2/repository/org/seleniumhq/selenium/selenium-devtools-v118/4.15.0/selenium-devtools-v118-4.15.0.jar:/Users/deetshana/.m2/repository/org/seleniumhq/selenium/selenium-devtools-v119/4.15.0/selenium-devtools-v119-4.15.0.jar:/Users/deetshana/.m2/repository/org/seleniumhq/selenium/selenium-devtools-v85/4.15.0/selenium-devtools-v85-4.15.0.jar:/Users/deetshana/.m2/repository/org/seleniumhq/selenium/selenium-edge-driver/4.15.0/selenium-edge-driver-4.15.0.jar:/Users/deetshana/.m2/repository/org/seleniumhq/selenium/selenium-firefox-driver/4.15.0/selenium-firefox-driver-4.15.0.jar:/Users/deetshana/.m2/repository/org/seleniumhq/selenium/selenium-http/4.15.0/selenium-http-4.15.0.jar:/Users/deetshana/.m2/repository/dev/failsafe/failsafe/3.3.2/failsafe-3.3.2.jar:/Users/deetshana/.m2/repository/org/seleniumhq/selenium/selenium-ie-driver/4.15.0/selenium-ie-driver-4.15.0.jar:/Users/deetshana/.m2/repository/org/seleniumhq/selenium/selenium-remote-driver/4.15.0/selenium-remote-driver-4.15.0.jar:/Users/deetshana/.m2/repository/com/google/guava/guava/32.1.2-jre/guava-32.1.2-jre.jar:/Users/deetshana/.m2/repository/com/google/guava/failureaccess/1.0.1/failureaccess-1.0.1.jar:/Users/deetshana/.m2/repository/com/google/guava/listenablefuture/9999.0-empty-to-avoid-conflict-with-guava/listenablefuture-9999.0-empty-to-avoid-conflict-with-guava.jar:/Users/deetshana/.m2/repository/com/google/code/findbugs/jsr305/3.0.2/jsr305-3.0.2.jar:/Users/deetshana/.m2/repository/org/checkerframework/checker-qual/3.33.0/checker-qual-3.33.0.jar:/Users/deetshana/.m2/repository/com/google/errorprone/error_prone_annotations/2.18.0/error_prone_annotations-2.18.0.jar:/Users/deetshana/.m2/repository/com/google/j2objc/j2objc-annotations/2.8/j2objc-annotations-2.8.jar:/Users/deetshana/.m2/repository/io/opentelemetry/opentelemetry-api/1.28.0/opentelemetry-api-1.28.0.jar:/Users/deetshana/.m2/repository/io/opentelemetry/opentelemetry-context/1.28.0/opentelemetry-context-1.28.0.jar:/Users/deetshana/.m2/repository/io/opentelemetry/opentelemetry-exporter-logging/1.28.0/opentelemetry-exporter-logging-1.28.0.jar:/Users/deetshana/.m2/repository/io/opentelemetry/opentelemetry-sdk-metrics/1.28.0/opentelemetry-sdk-metrics-1.28.0.jar:/Users/deetshana/.m2/repository/io/opentelemetry/opentelemetry-extension-incubator/1.28.0-alpha/opentelemetry-extension-incubator-1.28.0-alpha.jar:/Users/deetshana/.m2/repository/io/opentelemetry/opentelemetry-sdk-logs/1.28.0/opentelemetry-sdk-logs-1.28.0.jar:/Users/deetshana/.m2/repository/io/opentelemetry/opentelemetry-sdk-common/1.28.0/opentelemetry-sdk-common-1.28.0.jar:/Users/deetshana/.m2/repository/io/opentelemetry/opentelemetry-sdk-extension-autoconfigure-spi/1.28.0/opentelemetry-sdk-extension-autoconfigure-spi-1.28.0.jar:/Users/deetshana/.m2/repository/io/opentelemetry/opentelemetry-sdk-extension-autoconfigure/1.28.0/opentelemetry-sdk-extension-autoconfigure-1.28.0.jar:/Users/deetshana/.m2/repository/io/opentelemetry/opentelemetry-api-events/1.28.0-alpha/opentelemetry-api-events-1.28.0-alpha.jar:/Users/deetshana/.m2/repository/io/opentelemetry/opentelemetry-sdk-trace/1.28.0/opentelemetry-sdk-trace-1.28.0.jar:/Users/deetshana/.m2/repository/io/opentelemetry/opentelemetry-sdk/1.28.0/opentelemetry-sdk-1.28.0.jar:/Users/deetshana/.m2/repository/io/opentelemetry/opentelemetry-semconv/1.28.0-alpha/opentelemetry-semconv-1.28.0-alpha.jar:/Users/deetshana/.m2/repository/net/bytebuddy/byte-buddy/1.14.5/byte-buddy-1.14.5.jar:/Users/deetshana/.m2/repository/org/seleniumhq/selenium/selenium-os/4.15.0/selenium-os-4.15.0.jar:/Users/deetshana/.m2/repository/org/apache/commons/commons-exec/1.3/commons-exec-1.3.jar:/Users/deetshana/.m2/repository/org/seleniumhq/selenium/selenium-safari-driver/4.15.0/selenium-safari-driver-4.15.0.jar:/Users/deetshana/.m2/repository/org/seleniumhq/selenium/selenium-support/4.15.0/selenium-support-4.15.0.jar:/Users/deetshana/.m2/repository/io/cucumber/cucumber-java/7.14.1/cucumber-java-7.14.1.jar:/Users/deetshana/.m2/repository/io/cucumber/cucumber-core/7.14.1/cucumber-core-7.14.1.jar:/Users/deetshana/.m2/repository/io/cucumber/cucumber-gherkin/7.14.1/cucumber-gherkin-7.14.1.jar:/Users/deetshana/.m2/repository/io/cucumber/cucumber-gherkin-messages/7.14.1/cucumber-gherkin-messages-7.14.1.jar:/Users/deetshana/.m2/repository/io/cucumber/messages/22.0.0/messages-22.0.0.jar:/Users/deetshana/.m2/repository/io/cucumber/tag-expressions/6.0.0/tag-expressions-6.0.0.jar:/Users/deetshana/.m2/repository/io/cucumber/cucumber-expressions/17.0.1/cucumber-expressions-17.0.1.jar:/Users/deetshana/.m2/repository/io/cucumber/datatable/7.14.1/datatable-7.14.1.jar:/Users/deetshana/.m2/repository/io/cucumber/cucumber-plugin/7.14.1/cucumber-plugin-7.14.1.jar:/Users/deetshana/.m2/repository/io/cucumber/docstring/7.14.1/docstring-7.14.1.jar:/Users/deetshana/.m2/repository/io/cucumber/html-formatter/20.4.0/html-formatter-20.4.0.jar:/Users/deetshana/.m2/repository/io/cucumber/junit-xml-formatter/0.2.0/junit-xml-formatter-0.2.0.jar:/Users/deetshana/.m2/repository/io/cucumber/ci-environment/10.0.0/ci-environment-10.0.0.jar:/Users/deetshana/.m2/repository/org/apiguardian/apiguardian-api/1.1.2/apiguardian-api-1.1.2.jar:/Users/deetshana/.m2/repository/io/cucumber/cucumber-testng/7.14.1/cucumber-testng-7.14.1.jar:/Users/deetshana/.m2/repository/org/testng/testng/7.8.0/testng-7.8.0.jar:/Users/deetshana/.m2/repository/com/beust/jcommander/1.82/jcommander-1.82.jar:/Users/deetshana/.m2/repository/org/webjars/jquery/3.6.1/jquery-3.6.1.jar:/Users/deetshana/.m2/repository/io/cucumber/cucumber-junit/7.14.1/cucumber-junit-7.14.1.jar:/Users/deetshana/.m2/repository/junit/junit/4.13.2/junit-4.13.2.jar:/Users/deetshana/.m2/repository/org/hamcrest/hamcrest-core/1.3/hamcrest-core-1.3.jar:/Users/deetshana/.m2/repository/io/qameta/allure/allure-testng/2.25.0/allure-testng-2.25.0.jar:/Users/deetshana/.m2/repository/io/qameta/allure/allure-java-commons/2.25.0/allure-java-commons-2.25.0.jar:/Users/deetshana/.m2/repository/io/qameta/allure/allure-model/2.25.0/allure-model-2.25.0.jar:/Users/deetshana/.m2/repository/io/qameta/allure/allure-test-filter/2.25.0/allure-test-filter-2.25.0.jar:/Users/deetshana/.m2/repository/io/qameta/allure/allure-cucumber7-jvm/2.25.0/allure-cucumber7-jvm-2.25.0.jar:/Users/deetshana/.m2/repository/io/cucumber/gherkin/26.2.0/gherkin-26.2.0.jar:/Users/deetshana/.m2/repository/org/apache/poi/poi/5.2.4/poi-5.2.4.jar:/Users/deetshana/.m2/repository/commons-codec/commons-codec/1.16.0/commons-codec-1.16.0.jar:/Users/deetshana/.m2/repository/org/apache/commons/commons-collections4/4.4/commons-collections4-4.4.jar:/Users/deetshana/.m2/repository/org/apache/commons/commons-math3/3.6.1/commons-math3-3.6.1.jar:/Users/deetshana/.m2/repository/commons-io/commons-io/2.13.0/commons-io-2.13.0.jar:/Users/deetshana/.m2/repository/com/zaxxer/SparseBitSet/1.3/SparseBitSet-1.3.jar:/Users/deetshana/.m2/repository/org/apache/poi/poi-ooxml/5.2.4/poi-ooxml-5.2.4.jar:/Users/deetshana/.m2/repository/org/apache/poi/poi-ooxml-lite/5.2.4/poi-ooxml-lite-5.2.4.jar:/Users/deetshana/.m2/repository/org/apache/xmlbeans/xmlbeans/5.1.1/xmlbeans-5.1.1.jar:/Users/deetshana/.m2/repository/org/apache/commons/commons-compress/1.24.0/commons-compress-1.24.0.jar:/Users/deetshana/.m2/repository/com/github/virtuald/curvesapi/1.08/curvesapi-1.08.jar:/Users/deetshana/.m2/repository/org/apache/commons/commons-lang3/3.14.0/commons-lang3-3.14.0.jar:/Users/deetshana/.m2/repository/org/apache/logging/log4j/log4j-core/2.22.0/log4j-core-2.22.0.jar:/Users/deetshana/.m2/repository/org/apache/logging/log4j/log4j-api/2.22.0/log4j-api-2.22.0.jar:/Users/deetshana/.m2/repository/com/fasterxml/jackson/core/jackson-core/2.16.1/jackson-core-2.16.1.jar:/Users/deetshana/.m2/repository/com/fasterxml/jackson/core/jackson-databind/2.16.1/jackson-databind-2.16.1.jar:/Users/deetshana/.m2/repository/com/fasterxml/jackson/core/jackson-annotations/2.16.1/jackson-annotations-2.16.1.jar:/Users/deetshana/.m2/repository/io/github/bonigarcia/webdrivermanager/5.6.3/webdrivermanager-5.6.3.jar:/Users/deetshana/.m2/repository/org/slf4j/slf4j-api/2.0.10/slf4j-api-2.0.10.jar:/Users/deetshana/.m2/repository/com/google/code/gson/gson/2.10.1/gson-2.10.1.jar:/Users/deetshana/.m2/repository/com/github/docker-java/docker-java/3.3.4/docker-java-3.3.4.jar:/Users/deetshana/.m2/repository/com/github/docker-java/docker-java-core/3.3.4/docker-java-core-3.3.4.jar:/Users/deetshana/.m2/repository/com/github/docker-java/docker-java-api/3.3.4/docker-java-api-3.3.4.jar:/Users/deetshana/.m2/repository/org/bouncycastle/bcpkix-jdk18on/1.76/bcpkix-jdk18on-1.76.jar:/Users/deetshana/.m2/repository/org/bouncycastle/bcprov-jdk18on/1.76/bcprov-jdk18on-1.76.jar:/Users/deetshana/.m2/repository/org/bouncycastle/bcutil-jdk18on/1.76/bcutil-jdk18on-1.76.jar:/Users/deetshana/.m2/repository/org/slf4j/jcl-over-slf4j/1.7.30/jcl-over-slf4j-1.7.30.jar:/Users/deetshana/.m2/repository/com/github/docker-java/docker-java-transport-httpclient5/3.3.4/docker-java-transport-httpclient5-3.3.4.jar:/Users/deetshana/.m2/repository/com/github/docker-java/docker-java-transport/3.3.4/docker-java-transport-3.3.4.jar:/Users/deetshana/.m2/repository/net/java/dev/jna/jna/5.13.0/jna-5.13.0.jar:/Users/deetshana/.m2/repository/org/brotli/dec/0.1.2/dec-0.1.2.jar:/Users/deetshana/.m2/repository/org/apache/httpcomponents/client5/httpclient5/5.2.1/httpclient5-5.2.1.jar:/Users/deetshana/.m2/repository/org/apache/httpcomponents/core5/httpcore5/5.2/httpcore5-5.2.jar:/Users/deetshana/.m2/repository/org/apache/httpcomponents/core5/httpcore5-h2/5.2/httpcore5-h2-5.2.jar:/Users/deetshana/.m2/repository/com/aventstack/extentreports/5.1.1/extentreports-5.1.1.jar:/Users/deetshana/.m2/repository/io/reactivex/rxjava3/rxjava/3.1.6/rxjava-3.1.6.jar:/Users/deetshana/.m2/repository/org/reactivestreams/reactive-streams/1.0.4/reactive-streams-1.0.4.jar:/Users/deetshana/.m2/repository/org/freemarker/freemarker/2.3.32/freemarker-2.3.32.jar:/Users/deetshana/.m2/repository/org/projectlombok/lombok/1.18.26/lombok-1.18.26.jar:/Users/deetshana/.m2/repository/tech/grasshopper/extentreports-cucumber7-adapter/1.2.0/extentreports-cucumber7-adapter-1.2.0.jar:/Users/deetshana/.m2/repository/tech/grasshopper/extent-pdf-report/1.7.4/extent-pdf-report-1.7.4.jar:/Users/deetshana/.m2/repository/tech/grasshopper/cucumber-pdf-report/2.2.4/cucumber-pdf-report-2.2.4.jar:/Users/deetshana/.m2/repository/org/apache/pdfbox/pdfbox/2.0.22/pdfbox-2.0.22.jar:/Users/deetshana/.m2/repository/org/apache/pdfbox/fontbox/2.0.22/fontbox-2.0.22.jar:/Users/deetshana/.m2/repository/org/knowm/xchart/xchart/3.8.0/xchart-3.8.0.jar:/Users/deetshana/.m2/repository/de/erichseifert/vectorgraphics2d/VectorGraphics2D/0.13/VectorGraphics2D-0.13.jar:/Users/deetshana/.m2/repository/de/rototor/pdfbox/graphics2d/0.30/graphics2d-0.30.jar:/Users/deetshana/.m2/repository/com/madgag/animated-gif-lib/1.4/animated-gif-lib-1.4.jar:/Users/deetshana/.m2/repository/org/yaml/snakeyaml/1.28/snakeyaml-1.28.jar:/Users/deetshana/.m2/repository/tech/grasshopper/table-layout/1.2.0/table-layout-1.2.0.jar:/Users/deetshana/.m2/repository/org/jsoup/jsoup/1.13.1/jsoup-1.13.1.jar:/Users/deetshana/.m2/repository/com/aventstack/klov-reporter/5.0.9/klov-reporter-5.0.9.jar:/Users/deetshana/.m2/repository/org/mongodb/mongodb-driver/3.6.4/mongodb-driver-3.6.4.jar:/Users/deetshana/.m2/repository/org/mongodb/mongodb-driver-core/3.6.4/mongodb-driver-core-3.6.4.jar:/Users/deetshana/.m2/repository/org/mongodb/bson/3.6.4/bson-3.6.4.jar:/Users/deetshana/.m2/repository/org/apache/httpcomponents/httpclient/4.5.13/httpclient-4.5.13.jar:/Users/deetshana/.m2/repository/org/apache/httpcomponents/httpcore/4.4.13/httpcore-4.4.13.jar:/Users/deetshana/.m2/repository/commons-logging/commons-logging/1.2/commons-logging-1.2.jar:/Users/deetshana/.m2/repository/org/apache/httpcomponents/httpmime/4.5.13/httpmime-4.5.13.jar:/Users/deetshana/.m2/repository/tech/grasshopper/htmlextentreporter/1.0.0/htmlextentreporter-1.0.0.jar:/Users/deetshana/.m2/repository/ch/qos/logback/logback-classic/1.4.14/logback-classic-1.4.14.jar:/Users/deetshana/.m2/repository/ch/qos/logback/logback-core/1.4.14/logback-core-1.4.14.jar:"/>
    <property name="sun.cpu.endian" value="little"/>
    <property name="user.home" value="/Users/deetshana"/>
    <property name="user.language" value="en"/>
    <property name="java.specification.vendor" value="Oracle Corporation"/>
    <property name="java.version.date" value="2023-10-17"/>
    <property name="java.home" value="/Library/Java/JavaVirtualMachines/jdk-21.jdk/Contents/Home"/>
    <property name="file.separator" value="/"/>
    <property name="basedir" value="/Users/deetshana/eclipse-workspace/DS-Algo"/>
    <property name="style.color" value="always"/>
    <property name="java.vm.compressedOopsMode" value="Zero based"/>
    <property name="line.separator" value="&#10;"/>
    <property name="java.vm.specification.vendor" value="Oracle Corporation"/>
    <property name="java.specification.name" value="Java Platform API Specification"/>
    <property name="apple.awt.application.name" value="ForkedBooter"/>
    <property name="surefire.real.class.path" value="/Users/deetshana/eclipse-workspace/DS-Algo/target/surefire/surefirebooter-20240111180743544_3.jar"/>
    <property name="sun.management.compiler" value="HotSpot 64-Bit Tiered Compilers"/>
    <property name="ftp.nonProxyHosts" value="local|*.local|169.254/16|*.169.254/16"/>
    <property name="java.runtime.version" value="21.0.1+12-LTS-29"/>
    <property name="user.name" value="deetshana"/>
    <property name="stdout.encoding" value="UTF-8"/>
    <property name="path.separator" value=":"/>
    <property name="os.version" value="12.5"/>
    <property name="java.runtime.name" value="Java(TM) SE Runtime Environment"/>
    <property name="file.encoding" value="UTF-8"/>
    <property name="java.vm.name" value="Java HotSpot(TM) 64-Bit Server VM"/>
    <property name="localRepository" value="/Users/deetshana/.m2/repository"/>
    <property name="java.vendor.url.bug" value="https://bugreport.java.com/bugreport/"/>
    <property name="java.io.tmpdir" value="/var/folders/0g/9f783yxs15746c07l_4gfz9w0000gn/T/"/>
    <property name="java.version" value="21.0.1"/>
    <property name="user.dir" value="/Users/deetshana/eclipse-workspace/DS-Algo"/>
    <property name="os.arch" value="aarch64"/>
    <property name="java.vm.specification.name" value="Java Virtual Machine Specification"/>
    <property name="native.encoding" value="UTF-8"/>
    <property name="java.library.path" value="/Users/deetshana/Library/Java/Extensions:/Library/Java/Extensions:/Network/Library/Java/Extensions:/System/Library/Java/Extensions:/usr/lib/java:."/>
    <property name="java.vm.info" value="mixed mode, sharing"/>
    <property name="stderr.encoding" value="UTF-8"/>
    <property name="java.vendor" value="Oracle Corporation"/>
    <property name="java.vm.version" value="21.0.1+12-LTS-29"/>
    <property name="sun.io.unicode.encoding" value="UnicodeBig"/>
    <property name="socksNonProxyHosts" value="local|*.local|169.254/16|*.169.254/16"/>
    <property name="java.class.version" value="65.0"/>
  </properties>
  <testcase name="null on testRunner.TestRun" classname="testRunner.TestRun" time="0.583">
    <failure message="io/cucumber/gherkin/Gherkin" type="java.lang.NoClassDefFoundError"><![CDATA[java.lang.NoClassDefFoundError: io/cucumber/gherkin/Gherkin
	at com.aventstack.extentreports.cucumber.adapter.TestSourcesModel.parseGherkinSource(TestSourcesModel.java:111)
	at com.aventstack.extentreports.cucumber.adapter.TestSourcesModel.getFeature(TestSourcesModel.java:96)
	at com.aventstack.extentreports.cucumber.adapter.ExtentCucumberAdapter.createFeature(ExtentCucumberAdapter.java:311)
	at com.aventstack.extentreports.cucumber.adapter.ExtentCucumberAdapter.handleStartOfFeature(ExtentCucumberAdapter.java:306)
	at com.aventstack.extentreports.cucumber.adapter.ExtentCucumberAdapter.handleTestCaseStarted(ExtentCucumberAdapter.java:160)
	at com.aventstack.extentreports.cucumber.adapter.ExtentCucumberAdapter.access$100(ExtentCucumberAdapter.java:62)
	at com.aventstack.extentreports.cucumber.adapter.ExtentCucumberAdapter$3.receive(ExtentCucumberAdapter.java:106)
	at com.aventstack.extentreports.cucumber.adapter.ExtentCucumberAdapter$3.receive(ExtentCucumberAdapter.java:103)
	at io.cucumber.core.eventbus.AbstractEventPublisher.send(AbstractEventPublisher.java:51)
	at io.cucumber.core.eventbus.AbstractEventBus.send(AbstractEventBus.java:12)
	at io.cucumber.core.runtime.SynchronizedEventBus.send(SynchronizedEventBus.java:47)
	at io.cucumber.core.runtime.ThreadLocalRunnerSupplier$LocalEventBus.send(ThreadLocalRunnerSupplier.java:62)
	at io.cucumber.core.runner.TestCase.emitTestCaseStarted(TestCase.java:206)
	at io.cucumber.core.runner.TestCase.run(TestCase.java:72)
	at io.cucumber.core.runner.Runner.runPickle(Runner.java:75)
	at io.cucumber.junit.PickleRunners$NoStepDescriptions.lambda$run$0(PickleRunners.java:151)
	at io.cucumber.core.runtime.CucumberExecutionContext.lambda$runTestCase$5(CucumberExecutionContext.java:137)
	at io.cucumber.core.runtime.RethrowingThrowableCollector.executeAndThrow(RethrowingThrowableCollector.java:23)
	at io.cucumber.core.runtime.CucumberExecutionContext.runTestCase(CucumberExecutionContext.java:137)
	at io.cucumber.junit.PickleRunners$NoStepDescriptions.run(PickleRunners.java:148)
	at io.cucumber.junit.FeatureRunner.runChild(FeatureRunner.java:144)
	at io.cucumber.junit.FeatureRunner.runChild(FeatureRunner.java:28)
	at org.junit.runners.ParentRunner$4.run(ParentRunner.java:331)
	at org.junit.runners.ParentRunner$1.schedule(ParentRunner.java:79)
	at org.junit.runners.ParentRunner.runChildren(ParentRunner.java:329)
	at org.junit.runners.ParentRunner.access$100(ParentRunner.java:66)
	at org.junit.runners.ParentRunner$2.evaluate(ParentRunner.java:293)
	at org.junit.runners.ParentRunner$3.evaluate(ParentRunner.java:306)
	at org.junit.runners.ParentRunner.run(ParentRunner.java:413)
	at io.cucumber.junit.FeatureRunner.run(FeatureRunner.java:137)
	at io.cucumber.junit.Cucumber.runChild(Cucumber.java:196)
	at io.cucumber.junit.Cucumber.runChild(Cucumber.java:89)
	at org.junit.runners.ParentRunner$4.run(ParentRunner.java:331)
	at org.junit.runners.ParentRunner$1.schedule(ParentRunner.java:79)
	at org.junit.runners.ParentRunner.runChildren(ParentRunner.java:329)
	at org.junit.runners.ParentRunner.access$100(ParentRunner.java:66)
	at org.junit.runners.ParentRunner$2.evaluate(ParentRunner.java:293)
	at io.cucumber.core.runtime.CucumberExecutionContext.lambda$runFeatures$6(CucumberExecutionContext.java:148)
	at io.cucumber.core.runtime.CucumberExecutionContext.execute(CucumberExecutionContext.java:163)
	at io.cucumber.core.runtime.CucumberExecutionContext.runFeatures(CucumberExecutionContext.java:146)
	at io.cucumber.junit.Cucumber$StartAndFinishTestRun.evaluate(Cucumber.java:226)
	at org.junit.runners.ParentRunner$3.evaluate(ParentRunner.java:306)
	at org.junit.runners.ParentRunner.run(ParentRunner.java:413)
	at org.junit.runner.JUnitCore.run(JUnitCore.java:137)
	at org.junit.runner.JUnitCore.run(JUnitCore.java:115)
	at org.testng.junit.JUnit4TestRunner.start(JUnit4TestRunner.java:78)
	at org.testng.junit.JUnit4TestRunner.run(JUnit4TestRunner.java:63)
	at org.testng.TestRunner$1.run(TestRunner.java:710)
	at java.base/java.util.ArrayList.forEach(ArrayList.java:1596)
	at org.testng.TestRunner.runJUnitWorkers(TestRunner.java:927)
	at org.testng.TestRunner.privateRunJUnit(TestRunner.java:739)
	at org.testng.TestRunner.run(TestRunner.java:619)
	at org.testng.SuiteRunner.runTest(SuiteRunner.java:443)
	at org.testng.SuiteRunner.runSequentially(SuiteRunner.java:437)
	at org.testng.SuiteRunner.privateRun(SuiteRunner.java:397)
	at org.testng.SuiteRunner.run(SuiteRunner.java:336)
	at org.testng.SuiteRunnerWorker.runSuite(SuiteRunnerWorker.java:52)
	at org.testng.SuiteRunnerWorker.run(SuiteRunnerWorker.java:95)
	at org.testng.TestNG.runSuitesSequentially(TestNG.java:1280)
	at org.testng.TestNG.runSuitesLocally(TestNG.java:1200)
	at org.testng.TestNG.runSuites(TestNG.java:1114)
	at org.testng.TestNG.run(TestNG.java:1082)
	at org.apache.maven.surefire.testng.TestNGExecutor.run(TestNGExecutor.java:155)
	at org.apache.maven.surefire.testng.TestNGDirectoryTestSuite.executeSingleClass(TestNGDirectoryTestSuite.java:102)
	at org.apache.maven.surefire.testng.TestNGDirectoryTestSuite.execute(TestNGDirectoryTestSuite.java:91)
	at org.apache.maven.surefire.testng.TestNGProvider.invoke(TestNGProvider.java:137)
	at org.apache.maven.surefire.booter.ForkedBooter.runSuitesInProcess(ForkedBooter.java:385)
	at org.apache.maven.surefire.booter.ForkedBooter.execute(ForkedBooter.java:162)
	at org.apache.maven.surefire.booter.ForkedBooter.run(ForkedBooter.java:507)
	at org.apache.maven.surefire.booter.ForkedBooter.main(ForkedBooter.java:495)
Caused by: java.lang.ClassNotFoundException: io.cucumber.gherkin.Gherkin
	at java.base/jdk.internal.loader.BuiltinClassLoader.loadClass(BuiltinClassLoader.java:641)
	at java.base/jdk.internal.loader.ClassLoaders$AppClassLoader.loadClass(ClassLoaders.java:188)
	at java.base/java.lang.ClassLoader.loadClass(ClassLoader.java:526)
	... 70 more
]]></failure>
    <system-out><![CDATA[18:07:43.937 [main] WARN org.testng.TestRunner -- Support to run JUnit tests using TestNG stands deprecated and will be removed in future versions. You can now use the JUnit5 TestNG engine to run both JUnit and TestNG tests. For more information refer to https://github.com/junit-team/testng-engine .
]]></system-out>
  </testcase>
</testsuite>